2017-01-18 06:50:07 [main] INFO  hello.Application - Starting Application on Rishi with PID 15428 (C:\dev\Anitha\projects\SpringBoot\SpringBoot-Hello\target\classes started by anitha in C:\dev\Anitha\projects\SpringBoot\SpringBoot-Hello)
2017-01-18 06:50:07 [main] INFO  hello.Application - No active profile set, falling back to default profiles: default
2017-01-18 06:50:07 [main] INFO  o.s.b.c.e.AnnotationConfigEmbeddedWebApplicationContext - Refreshing org.springframework.boot.context.embedded.AnnotationConfigEmbeddedWebApplicationContext@6591f517: startup date [Wed Jan 18 06:50:07 EST 2017]; root of context hierarchy
2017-01-18 06:50:08 [background-preinit] INFO  o.h.validator.internal.util.Version - HV000001: Hibernate Validator 5.2.2.Final
2017-01-18 06:50:09 [main] INFO  o.s.b.f.s.DefaultListableBeanFactory - Overriding bean definition for bean 'beanNameViewResolver' with a different definition: replacing [Root bean: class [null]; scope=; abstract=false; lazyInit=false; autowireMode=3; dependencyCheck=0; autowireCandidate=true; primary=false; factoryBeanName=org.springframework.boot.autoconfigure.web.ErrorMvcAutoConfiguration$WhitelabelErrorViewConfiguration; factoryMethodName=beanNameViewResolver; initMethodName=null; destroyMethodName=(inferred); defined in class path resource [org/springframework/boot/autoconfigure/web/ErrorMvcAutoConfiguration$WhitelabelErrorViewConfiguration.class]] with [Root bean: class [null]; scope=; abstract=false; lazyInit=false; autowireMode=3; dependencyCheck=0; autowireCandidate=true; primary=false; factoryBeanName=org.springframework.boot.autoconfigure.web.WebMvcAutoConfiguration$WebMvcAutoConfigurationAdapter; factoryMethodName=beanNameViewResolver; initMethodName=null; destroyMethodName=(inferred); defined in class path resource [org/springframework/boot/autoconfigure/web/WebMvcAutoConfiguration$WebMvcAutoConfigurationAdapter.class]]
2017-01-18 06:50:12 [main] INFO  o.s.b.c.e.t.TomcatEmbeddedServletContainer - Tomcat initialized with port(s): 8080 (http)
2017-01-18 06:50:12 [main] INFO  o.a.catalina.core.StandardService - Starting service Tomcat
2017-01-18 06:50:12 [main] INFO  o.a.catalina.core.StandardEngine - Starting Servlet Engine: Apache Tomcat/8.0.30
2017-01-18 06:50:12 [localhost-startStop-1] INFO  o.a.c.c.C.[Tomcat].[localhost].[/] - Initializing Spring embedded WebApplicationContext
2017-01-18 06:50:12 [localhost-startStop-1] INFO  o.s.web.context.ContextLoader - Root WebApplicationContext: initialization completed in 5041 ms
2017-01-18 06:50:13 [localhost-startStop-1] INFO  o.s.b.c.e.ServletRegistrationBean - Mapping servlet: 'dispatcherServlet' to [/]
2017-01-18 06:50:13 [localhost-startStop-1] INFO  o.s.b.c.e.FilterRegistrationBean - Mapping filter: 'characterEncodingFilter' to: [/*]
2017-01-18 06:50:13 [localhost-startStop-1] INFO  o.s.b.c.e.FilterRegistrationBean - Mapping filter: 'hiddenHttpMethodFilter' to: [/*]
2017-01-18 06:50:13 [localhost-startStop-1] INFO  o.s.b.c.e.FilterRegistrationBean - Mapping filter: 'httpPutFormContentFilter' to: [/*]
2017-01-18 06:50:13 [localhost-startStop-1] INFO  o.s.b.c.e.FilterRegistrationBean - Mapping filter: 'requestContextFilter' to: [/*]
2017-01-18 06:50:14 [main] INFO  o.s.w.s.m.m.a.RequestMappingHandlerAdapter - Looking for @ControllerAdvice: org.springframework.boot.context.embedded.AnnotationConfigEmbeddedWebApplicationContext@6591f517: startup date [Wed Jan 18 06:50:07 EST 2017]; root of context hierarchy
2017-01-18 06:50:14 [main] INFO  o.s.w.s.m.m.a.RequestMappingHandlerMapping - Mapped "{[/]}" onto public java.lang.String hello.HelloController.index()
2017-01-18 06:50:14 [main] INFO  o.s.w.s.m.m.a.RequestMappingHandlerMapping - Mapped "{[/user/chgpwd],methods=[POST],consumes=[application/json],produces=[application/json]}" onto public user.ChgPwdResult user.UserController.chgpwd(user.ChgPwdRequest)
2017-01-18 06:50:14 [main] INFO  o.s.w.s.m.m.a.RequestMappingHandlerMapping - Mapped "{[/user/login/{uId}],produces=[application/json]}" onto public user.Employee user.UserController.login(java.lang.String,java.lang.String)
2017-01-18 06:50:14 [main] INFO  o.s.w.s.m.m.a.RequestMappingHandlerMapping - Mapped "{[/error]}" onto public org.springframework.http.ResponseEntity<java.util.Map<java.lang.String, java.lang.Object>> org.springframework.boot.autoconfigure.web.BasicErrorController.error(javax.servlet.http.HttpServletRequest)
2017-01-18 06:50:14 [main] INFO  o.s.w.s.m.m.a.RequestMappingHandlerMapping - Mapped "{[/error],produces=[text/html]}" onto public org.springframework.web.servlet.ModelAndView org.springframework.boot.autoconfigure.web.BasicErrorController.errorHtml(javax.servlet.http.HttpServletRequest,javax.servlet.http.HttpServletResponse)
2017-01-18 06:50:14 [main] INFO  o.s.w.s.h.SimpleUrlHandlerMapping - Mapped URL path [/webjars/**] onto handler of type [class org.springframework.web.servlet.resource.ResourceHttpRequestHandler]
2017-01-18 06:50:14 [main] INFO  o.s.w.s.h.SimpleUrlHandlerMapping - Mapped URL path [/**] onto handler of type [class org.springframework.web.servlet.resource.ResourceHttpRequestHandler]
2017-01-18 06:50:14 [main] INFO  o.s.w.s.h.SimpleUrlHandlerMapping - Mapped URL path [/**/favicon.ico] onto handler of type [class org.springframework.web.servlet.resource.ResourceHttpRequestHandler]
2017-01-18 06:50:15 [main] INFO  o.s.j.e.a.AnnotationMBeanExporter - Registering beans for JMX exposure on startup
2017-01-18 06:50:15 [main] INFO  o.a.coyote.http11.Http11NioProtocol - Initializing ProtocolHandler ["http-nio-8080"]
2017-01-18 06:50:15 [main] INFO  o.a.coyote.http11.Http11NioProtocol - Starting ProtocolHandler ["http-nio-8080"]
2017-01-18 06:50:15 [main] INFO  o.a.tomcat.util.net.NioSelectorPool - Using a shared selector for servlet write/read
2017-01-18 06:50:15 [main] INFO  o.s.b.c.e.t.TomcatEmbeddedServletContainer - Tomcat started on port(s): 8080 (http)
2017-01-18 06:50:15 [main] INFO  hello.Application - Started Application in 9.028 seconds (JVM running for 10.43)
2017-01-18 07:41:55 [main] [] INFO  hello.Application - Starting Application on Rishi with PID 17360 (C:\dev\Anitha\projects\SpringBoot\SpringBoot-Hello\target\classes started by anitha in C:\dev\Anitha\projects\SpringBoot\SpringBoot-Hello)
2017-01-18 07:41:55 [main] [] INFO  hello.Application - No active profile set, falling back to default profiles: default
2017-01-18 07:41:56 [main] [] INFO  o.s.b.c.e.AnnotationConfigEmbeddedWebApplicationContext - Refreshing org.springframework.boot.context.embedded.AnnotationConfigEmbeddedWebApplicationContext@576d5deb: startup date [Wed Jan 18 07:41:56 EST 2017]; root of context hierarchy
2017-01-18 07:41:56 [background-preinit] [] INFO  o.h.validator.internal.util.Version - HV000001: Hibernate Validator 5.2.2.Final
2017-01-18 07:41:59 [main] [] INFO  o.s.b.f.s.DefaultListableBeanFactory - Overriding bean definition for bean 'beanNameViewResolver' with a different definition: replacing [Root bean: class [null]; scope=; abstract=false; lazyInit=false; autowireMode=3; dependencyCheck=0; autowireCandidate=true; primary=false; factoryBeanName=org.springframework.boot.autoconfigure.web.ErrorMvcAutoConfiguration$WhitelabelErrorViewConfiguration; factoryMethodName=beanNameViewResolver; initMethodName=null; destroyMethodName=(inferred); defined in class path resource [org/springframework/boot/autoconfigure/web/ErrorMvcAutoConfiguration$WhitelabelErrorViewConfiguration.class]] with [Root bean: class [null]; scope=; abstract=false; lazyInit=false; autowireMode=3; dependencyCheck=0; autowireCandidate=true; primary=false; factoryBeanName=org.springframework.boot.autoconfigure.web.WebMvcAutoConfiguration$WebMvcAutoConfigurationAdapter; factoryMethodName=beanNameViewResolver; initMethodName=null; destroyMethodName=(inferred); defined in class path resource [org/springframework/boot/autoconfigure/web/WebMvcAutoConfiguration$WebMvcAutoConfigurationAdapter.class]]
2017-01-18 07:42:02 [main] [] INFO  o.s.b.c.e.t.TomcatEmbeddedServletContainer - Tomcat initialized with port(s): 8080 (http)
2017-01-18 07:42:03 [main] [] INFO  o.a.catalina.core.StandardService - Starting service Tomcat
2017-01-18 07:42:03 [main] [] INFO  o.a.catalina.core.StandardEngine - Starting Servlet Engine: Apache Tomcat/8.0.30
2017-01-18 07:42:03 [localhost-startStop-1] [] INFO  o.a.c.c.C.[Tomcat].[localhost].[/] - Initializing Spring embedded WebApplicationContext
2017-01-18 07:42:03 [localhost-startStop-1] [] INFO  o.s.web.context.ContextLoader - Root WebApplicationContext: initialization completed in 7318 ms
2017-01-18 07:42:04 [localhost-startStop-1] [] INFO  o.s.b.c.e.ServletRegistrationBean - Mapping servlet: 'dispatcherServlet' to [/]
2017-01-18 07:42:04 [localhost-startStop-1] [] INFO  o.s.b.c.e.FilterRegistrationBean - Mapping filter: 'characterEncodingFilter' to: [/*]
2017-01-18 07:42:04 [localhost-startStop-1] [] INFO  o.s.b.c.e.FilterRegistrationBean - Mapping filter: 'hiddenHttpMethodFilter' to: [/*]
2017-01-18 07:42:04 [localhost-startStop-1] [] INFO  o.s.b.c.e.FilterRegistrationBean - Mapping filter: 'httpPutFormContentFilter' to: [/*]
2017-01-18 07:42:04 [localhost-startStop-1] [] INFO  o.s.b.c.e.FilterRegistrationBean - Mapping filter: 'requestContextFilter' to: [/*]
2017-01-18 07:42:05 [main] [] INFO  o.s.w.s.m.m.a.RequestMappingHandlerAdapter - Looking for @ControllerAdvice: org.springframework.boot.context.embedded.AnnotationConfigEmbeddedWebApplicationContext@576d5deb: startup date [Wed Jan 18 07:41:56 EST 2017]; root of context hierarchy
2017-01-18 07:42:05 [main] [] INFO  o.s.w.s.m.m.a.RequestMappingHandlerMapping - Mapped "{[/]}" onto public java.lang.String hello.HelloController.index()
2017-01-18 07:42:06 [main] [] INFO  o.s.w.s.m.m.a.RequestMappingHandlerMapping - Mapped "{[/user/login/{uId}],produces=[application/json]}" onto public user.Employee user.UserController.login(java.lang.String,java.lang.String)
2017-01-18 07:42:06 [main] [] INFO  o.s.w.s.m.m.a.RequestMappingHandlerMapping - Mapped "{[/user/chgpwd],methods=[POST],consumes=[application/json],produces=[application/json]}" onto public user.ChgPwdResult user.UserController.chgpwd(user.ChgPwdRequest)
2017-01-18 07:42:06 [main] [] INFO  o.s.w.s.m.m.a.RequestMappingHandlerMapping - Mapped "{[/error]}" onto public org.springframework.http.ResponseEntity<java.util.Map<java.lang.String, java.lang.Object>> org.springframework.boot.autoconfigure.web.BasicErrorController.error(javax.servlet.http.HttpServletRequest)
2017-01-18 07:42:06 [main] [] INFO  o.s.w.s.m.m.a.RequestMappingHandlerMapping - Mapped "{[/error],produces=[text/html]}" onto public org.springframework.web.servlet.ModelAndView org.springframework.boot.autoconfigure.web.BasicErrorController.errorHtml(javax.servlet.http.HttpServletRequest,javax.servlet.http.HttpServletResponse)
2017-01-18 07:42:06 [main] [] INFO  o.s.w.s.h.SimpleUrlHandlerMapping - Mapped URL path [/webjars/**] onto handler of type [class org.springframework.web.servlet.resource.ResourceHttpRequestHandler]
2017-01-18 07:42:06 [main] [] INFO  o.s.w.s.h.SimpleUrlHandlerMapping - Mapped URL path [/**] onto handler of type [class org.springframework.web.servlet.resource.ResourceHttpRequestHandler]
2017-01-18 07:42:06 [main] [] INFO  o.s.w.s.h.SimpleUrlHandlerMapping - Mapped URL path [/**/favicon.ico] onto handler of type [class org.springframework.web.servlet.resource.ResourceHttpRequestHandler]
2017-01-18 07:42:06 [main] [] INFO  o.s.j.e.a.AnnotationMBeanExporter - Registering beans for JMX exposure on startup
2017-01-18 07:42:07 [main] [] INFO  o.a.coyote.http11.Http11NioProtocol - Initializing ProtocolHandler ["http-nio-8080"]
2017-01-18 07:42:07 [main] [] INFO  o.a.coyote.http11.Http11NioProtocol - Starting ProtocolHandler ["http-nio-8080"]
2017-01-18 07:42:07 [main] [] INFO  o.a.tomcat.util.net.NioSelectorPool - Using a shared selector for servlet write/read
2017-01-18 07:42:07 [main] [] INFO  o.s.b.c.e.t.TomcatEmbeddedServletContainer - Tomcat started on port(s): 8080 (http)
2017-01-18 07:42:07 [main] [] INFO  hello.Application - Started Application in 12.418 seconds (JVM running for 14.31)
2017-01-18 07:42:25 [http-nio-8080-exec-1] [] INFO  o.a.c.c.C.[Tomcat].[localhost].[/] - Initializing Spring FrameworkServlet 'dispatcherServlet'
2017-01-18 07:42:25 [http-nio-8080-exec-1] [] INFO  o.s.web.servlet.DispatcherServlet - FrameworkServlet 'dispatcherServlet': initialization started
2017-01-18 07:42:25 [http-nio-8080-exec-1] [] INFO  o.s.web.servlet.DispatcherServlet - FrameworkServlet 'dispatcherServlet': initialization completed in 43 ms
2017-01-18 07:42:25 [http-nio-8080-exec-1] [] INFO  user.UserController - Change Password Request: uId:maha
2017-01-18 07:43:35 [http-nio-8080-exec-2] [] INFO  user.UserController - Change Password Request: uId:maha
2017-01-20 06:24:05 [main] [] INFO  hello.Application - Starting Application on Rishi with PID 19068 (C:\dev\Anitha\projects\SpringBoot\SpringBoot-Hello\target\classes started by anitha in C:\dev\Anitha\projects\SpringBoot\SpringBoot-Hello)
2017-01-20 06:24:05 [main] [] INFO  hello.Application - No active profile set, falling back to default profiles: default
2017-01-20 06:24:05 [main] [] INFO  o.s.b.c.e.AnnotationConfigEmbeddedWebApplicationContext - Refreshing org.springframework.boot.context.embedded.AnnotationConfigEmbeddedWebApplicationContext@130c12b7: startup date [Fri Jan 20 06:24:05 EST 2017]; root of context hierarchy
2017-01-20 06:24:06 [background-preinit] [] INFO  o.h.validator.internal.util.Version - HV000001: Hibernate Validator 5.2.2.Final
2017-01-20 06:24:08 [main] [] INFO  o.s.b.f.s.DefaultListableBeanFactory - Overriding bean definition for bean 'beanNameViewResolver' with a different definition: replacing [Root bean: class [null]; scope=; abstract=false; lazyInit=false; autowireMode=3; dependencyCheck=0; autowireCandidate=true; primary=false; factoryBeanName=org.springframework.boot.autoconfigure.web.ErrorMvcAutoConfiguration$WhitelabelErrorViewConfiguration; factoryMethodName=beanNameViewResolver; initMethodName=null; destroyMethodName=(inferred); defined in class path resource [org/springframework/boot/autoconfigure/web/ErrorMvcAutoConfiguration$WhitelabelErrorViewConfiguration.class]] with [Root bean: class [null]; scope=; abstract=false; lazyInit=false; autowireMode=3; dependencyCheck=0; autowireCandidate=true; primary=false; factoryBeanName=org.springframework.boot.autoconfigure.web.WebMvcAutoConfiguration$WebMvcAutoConfigurationAdapter; factoryMethodName=beanNameViewResolver; initMethodName=null; destroyMethodName=(inferred); defined in class path resource [org/springframework/boot/autoconfigure/web/WebMvcAutoConfiguration$WebMvcAutoConfigurationAdapter.class]]
2017-01-20 06:24:11 [main] [] INFO  o.s.b.c.e.t.TomcatEmbeddedServletContainer - Tomcat initialized with port(s): 8080 (http)
2017-01-20 06:24:11 [main] [] INFO  o.a.catalina.core.StandardService - Starting service Tomcat
2017-01-20 06:24:11 [main] [] INFO  o.a.catalina.core.StandardEngine - Starting Servlet Engine: Apache Tomcat/8.0.30
2017-01-20 06:24:12 [localhost-startStop-1] [] INFO  o.a.c.c.C.[Tomcat].[localhost].[/] - Initializing Spring embedded WebApplicationContext
2017-01-20 06:24:12 [localhost-startStop-1] [] INFO  o.s.web.context.ContextLoader - Root WebApplicationContext: initialization completed in 7048 ms
2017-01-20 06:24:13 [localhost-startStop-1] [] INFO  o.s.b.c.e.ServletRegistrationBean - Mapping servlet: 'dispatcherServlet' to [/]
2017-01-20 06:24:13 [localhost-startStop-1] [] INFO  o.s.b.c.e.FilterRegistrationBean - Mapping filter: 'characterEncodingFilter' to: [/*]
2017-01-20 06:24:13 [localhost-startStop-1] [] INFO  o.s.b.c.e.FilterRegistrationBean - Mapping filter: 'hiddenHttpMethodFilter' to: [/*]
2017-01-20 06:24:13 [localhost-startStop-1] [] INFO  o.s.b.c.e.FilterRegistrationBean - Mapping filter: 'httpPutFormContentFilter' to: [/*]
2017-01-20 06:24:13 [localhost-startStop-1] [] INFO  o.s.b.c.e.FilterRegistrationBean - Mapping filter: 'requestContextFilter' to: [/*]
2017-01-20 06:24:13 [localhost-startStop-1] [] INFO  o.s.b.c.e.FilterRegistrationBean - Mapping filter: 'requestIdFilter' to: [/*]
2017-01-20 06:24:14 [main] [] INFO  o.s.w.s.m.m.a.RequestMappingHandlerAdapter - Looking for @ControllerAdvice: org.springframework.boot.context.embedded.AnnotationConfigEmbeddedWebApplicationContext@130c12b7: startup date [Fri Jan 20 06:24:05 EST 2017]; root of context hierarchy
2017-01-20 06:24:15 [main] [] INFO  o.s.w.s.m.m.a.RequestMappingHandlerMapping - Mapped "{[/]}" onto public java.lang.String hello.resource.HelloResource.index()
2017-01-20 06:24:15 [main] [] INFO  o.s.w.s.m.m.a.RequestMappingHandlerMapping - Mapped "{[/user/login/{uId}],produces=[application/json]}" onto public hello.user.Employee hello.resource.UserResource.login(java.lang.String,java.lang.String)
2017-01-20 06:24:15 [main] [] INFO  o.s.w.s.m.m.a.RequestMappingHandlerMapping - Mapped "{[/user/chgpwd],methods=[POST],consumes=[application/json],produces=[application/json]}" onto public hello.user.ChgPwdResult hello.resource.UserResource.chgpwd(hello.user.ChgPwdRequest)
2017-01-20 06:24:15 [main] [] INFO  o.s.w.s.m.m.a.RequestMappingHandlerMapping - Mapped "{[/error]}" onto public org.springframework.http.ResponseEntity<java.util.Map<java.lang.String, java.lang.Object>> org.springframework.boot.autoconfigure.web.BasicErrorController.error(javax.servlet.http.HttpServletRequest)
2017-01-20 06:24:15 [main] [] INFO  o.s.w.s.m.m.a.RequestMappingHandlerMapping - Mapped "{[/error],produces=[text/html]}" onto public org.springframework.web.servlet.ModelAndView org.springframework.boot.autoconfigure.web.BasicErrorController.errorHtml(javax.servlet.http.HttpServletRequest,javax.servlet.http.HttpServletResponse)
2017-01-20 06:24:15 [main] [] INFO  o.s.w.s.h.SimpleUrlHandlerMapping - Mapped URL path [/webjars/**] onto handler of type [class org.springframework.web.servlet.resource.ResourceHttpRequestHandler]
2017-01-20 06:24:15 [main] [] INFO  o.s.w.s.h.SimpleUrlHandlerMapping - Mapped URL path [/**] onto handler of type [class org.springframework.web.servlet.resource.ResourceHttpRequestHandler]
2017-01-20 06:24:15 [main] [] INFO  o.s.w.s.h.SimpleUrlHandlerMapping - Mapped URL path [/**/favicon.ico] onto handler of type [class org.springframework.web.servlet.resource.ResourceHttpRequestHandler]
2017-01-20 06:24:16 [main] [] INFO  o.s.j.e.a.AnnotationMBeanExporter - Registering beans for JMX exposure on startup
2017-01-20 06:24:16 [main] [] INFO  o.a.coyote.http11.Http11NioProtocol - Initializing ProtocolHandler ["http-nio-8080"]
2017-01-20 06:24:16 [main] [] INFO  o.a.coyote.http11.Http11NioProtocol - Starting ProtocolHandler ["http-nio-8080"]
2017-01-20 06:24:16 [main] [] INFO  o.a.tomcat.util.net.NioSelectorPool - Using a shared selector for servlet write/read
2017-01-20 06:24:16 [main] [] INFO  o.s.b.c.e.t.TomcatEmbeddedServletContainer - Tomcat started on port(s): 8080 (http)
2017-01-20 06:24:16 [main] [] INFO  hello.Application - Started Application in 12.685 seconds (JVM running for 14.966)
2017-01-20 06:25:01 [http-nio-8080-exec-1] [] INFO  o.a.c.c.C.[Tomcat].[localhost].[/] - Initializing Spring FrameworkServlet 'dispatcherServlet'
2017-01-20 06:25:01 [http-nio-8080-exec-1] [] INFO  o.s.web.servlet.DispatcherServlet - FrameworkServlet 'dispatcherServlet': initialization started
2017-01-20 06:25:01 [http-nio-8080-exec-1] [] INFO  o.s.web.servlet.DispatcherServlet - FrameworkServlet 'dispatcherServlet': initialization completed in 40 ms
2017-01-20 06:25:20 [http-nio-8080-exec-1] [4239c7da-b3d1-4452-8ab4-c63ba65a2857] INFO  hello.filter.RequestIdFilter - Recieved Request POST: null
2017-01-20 06:25:21 [http-nio-8080-exec-1] [4239c7da-b3d1-4452-8ab4-c63ba65a2857] INFO  hello.resource.UserResource - Change Password Request: uId:maha
2017-01-20 06:25:21 [http-nio-8080-exec-1] [4239c7da-b3d1-4452-8ab4-c63ba65a2857] INFO  hello.filter.RequestIdFilter - Completed Request POST: null
2017-01-20 06:26:01 [http-nio-8080-exec-2] [769ead76-eed1-4133-94df-b3c0c8f68347] INFO  hello.filter.RequestIdFilter - Recieved Request GET: null
2017-01-20 06:26:01 [http-nio-8080-exec-2] [769ead76-eed1-4133-94df-b3c0c8f68347] INFO  hello.resource.UserResource - Login Request: uId:anitha
2017-01-20 06:26:01 [http-nio-8080-exec-2] [769ead76-eed1-4133-94df-b3c0c8f68347] INFO  hello.filter.RequestIdFilter - Completed Request GET: null
2017-01-20 06:31:50 [http-nio-8080-exec-3] [7452ede5-235c-4d86-b100-52a2ca56a8f3] INFO  hello.filter.RequestIdFilter - Recieved Request GET: /user/login/anitha
2017-01-20 06:31:50 [http-nio-8080-exec-3] [7452ede5-235c-4d86-b100-52a2ca56a8f3] INFO  hello.resource.UserResource - Login Request. uId:anitha
2017-01-20 06:31:50 [http-nio-8080-exec-3] [7452ede5-235c-4d86-b100-52a2ca56a8f3] INFO  hello.filter.RequestIdFilter - Completed Request GET: /user/login/anitha
2017-01-20 06:32:30 [main] [] INFO  hello.Application - Starting Application on Rishi with PID 10884 (C:\dev\Anitha\projects\SpringBoot\SpringBoot-Hello\target\classes started by anitha in C:\dev\Anitha\projects\SpringBoot\SpringBoot-Hello)
2017-01-20 06:32:30 [main] [] INFO  hello.Application - No active profile set, falling back to default profiles: default
2017-01-20 06:32:30 [main] [] INFO  o.s.b.c.e.AnnotationConfigEmbeddedWebApplicationContext - Refreshing org.springframework.boot.context.embedded.AnnotationConfigEmbeddedWebApplicationContext@dc7df28: startup date [Fri Jan 20 06:32:30 EST 2017]; root of context hierarchy
2017-01-20 06:32:32 [background-preinit] [] INFO  o.h.validator.internal.util.Version - HV000001: Hibernate Validator 5.2.2.Final
2017-01-20 06:32:34 [main] [] INFO  o.s.b.f.s.DefaultListableBeanFactory - Overriding bean definition for bean 'beanNameViewResolver' with a different definition: replacing [Root bean: class [null]; scope=; abstract=false; lazyInit=false; autowireMode=3; dependencyCheck=0; autowireCandidate=true; primary=false; factoryBeanName=org.springframework.boot.autoconfigure.web.ErrorMvcAutoConfiguration$WhitelabelErrorViewConfiguration; factoryMethodName=beanNameViewResolver; initMethodName=null; destroyMethodName=(inferred); defined in class path resource [org/springframework/boot/autoconfigure/web/ErrorMvcAutoConfiguration$WhitelabelErrorViewConfiguration.class]] with [Root bean: class [null]; scope=; abstract=false; lazyInit=false; autowireMode=3; dependencyCheck=0; autowireCandidate=true; primary=false; factoryBeanName=org.springframework.boot.autoconfigure.web.WebMvcAutoConfiguration$WebMvcAutoConfigurationAdapter; factoryMethodName=beanNameViewResolver; initMethodName=null; destroyMethodName=(inferred); defined in class path resource [org/springframework/boot/autoconfigure/web/WebMvcAutoConfiguration$WebMvcAutoConfigurationAdapter.class]]
2017-01-20 06:32:38 [main] [] INFO  o.s.b.c.e.t.TomcatEmbeddedServletContainer - Tomcat initialized with port(s): 8080 (http)
2017-01-20 06:32:38 [main] [] INFO  o.a.catalina.core.StandardService - Starting service Tomcat
2017-01-20 06:32:38 [main] [] INFO  o.a.catalina.core.StandardEngine - Starting Servlet Engine: Apache Tomcat/8.0.30
2017-01-20 06:32:39 [localhost-startStop-1] [] INFO  o.a.c.c.C.[Tomcat].[localhost].[/] - Initializing Spring embedded WebApplicationContext
2017-01-20 06:32:39 [localhost-startStop-1] [] INFO  o.s.web.context.ContextLoader - Root WebApplicationContext: initialization completed in 8057 ms
2017-01-20 06:32:40 [localhost-startStop-1] [] INFO  o.s.b.c.e.ServletRegistrationBean - Mapping servlet: 'dispatcherServlet' to [/]
2017-01-20 06:32:40 [localhost-startStop-1] [] INFO  o.s.b.c.e.FilterRegistrationBean - Mapping filter: 'characterEncodingFilter' to: [/*]
2017-01-20 06:32:40 [localhost-startStop-1] [] INFO  o.s.b.c.e.FilterRegistrationBean - Mapping filter: 'hiddenHttpMethodFilter' to: [/*]
2017-01-20 06:32:40 [localhost-startStop-1] [] INFO  o.s.b.c.e.FilterRegistrationBean - Mapping filter: 'httpPutFormContentFilter' to: [/*]
2017-01-20 06:32:40 [localhost-startStop-1] [] INFO  o.s.b.c.e.FilterRegistrationBean - Mapping filter: 'requestContextFilter' to: [/*]
2017-01-20 06:32:40 [localhost-startStop-1] [] INFO  o.s.b.c.e.FilterRegistrationBean - Mapping filter: 'requestIdFilter' to: [/*]
2017-01-20 06:32:41 [main] [] INFO  o.s.w.s.m.m.a.RequestMappingHandlerAdapter - Looking for @ControllerAdvice: org.springframework.boot.context.embedded.AnnotationConfigEmbeddedWebApplicationContext@dc7df28: startup date [Fri Jan 20 06:32:30 EST 2017]; root of context hierarchy
2017-01-20 06:32:42 [main] [] INFO  o.s.w.s.m.m.a.RequestMappingHandlerMapping - Mapped "{[/]}" onto public java.lang.String hello.resource.HelloResource.index()
2017-01-20 06:32:42 [main] [] INFO  o.s.w.s.m.m.a.RequestMappingHandlerMapping - Mapped "{[/user/chgpwd],methods=[POST],consumes=[application/json],produces=[application/json]}" onto public hello.user.ChgPwdResult hello.resource.UserResource.chgpwd(hello.user.ChgPwdRequest)
2017-01-20 06:32:42 [main] [] INFO  o.s.w.s.m.m.a.RequestMappingHandlerMapping - Mapped "{[/user/login/{uId}],produces=[application/json]}" onto public hello.user.Employee hello.resource.UserResource.login(java.lang.String,java.lang.String)
2017-01-20 06:32:42 [main] [] INFO  o.s.w.s.m.m.a.RequestMappingHandlerMapping - Mapped "{[/error]}" onto public org.springframework.http.ResponseEntity<java.util.Map<java.lang.String, java.lang.Object>> org.springframework.boot.autoconfigure.web.BasicErrorController.error(javax.servlet.http.HttpServletRequest)
2017-01-20 06:32:42 [main] [] INFO  o.s.w.s.m.m.a.RequestMappingHandlerMapping - Mapped "{[/error],produces=[text/html]}" onto public org.springframework.web.servlet.ModelAndView org.springframework.boot.autoconfigure.web.BasicErrorController.errorHtml(javax.servlet.http.HttpServletRequest,javax.servlet.http.HttpServletResponse)
2017-01-20 06:32:42 [main] [] INFO  o.s.w.s.h.SimpleUrlHandlerMapping - Mapped URL path [/webjars/**] onto handler of type [class org.springframework.web.servlet.resource.ResourceHttpRequestHandler]
2017-01-20 06:32:42 [main] [] INFO  o.s.w.s.h.SimpleUrlHandlerMapping - Mapped URL path [/**] onto handler of type [class org.springframework.web.servlet.resource.ResourceHttpRequestHandler]
2017-01-20 06:32:42 [main] [] INFO  o.s.w.s.h.SimpleUrlHandlerMapping - Mapped URL path [/**/favicon.ico] onto handler of type [class org.springframework.web.servlet.resource.ResourceHttpRequestHandler]
2017-01-20 06:32:43 [main] [] INFO  o.s.j.e.a.AnnotationMBeanExporter - Registering beans for JMX exposure on startup
2017-01-20 06:32:43 [main] [] INFO  o.a.coyote.http11.Http11NioProtocol - Initializing ProtocolHandler ["http-nio-8080"]
2017-01-20 06:32:43 [main] [] INFO  o.a.coyote.http11.Http11NioProtocol - Starting ProtocolHandler ["http-nio-8080"]
2017-01-20 06:32:43 [main] [] INFO  o.a.tomcat.util.net.NioSelectorPool - Using a shared selector for servlet write/read
2017-01-20 06:32:44 [main] [] INFO  o.s.b.c.e.t.TomcatEmbeddedServletContainer - Tomcat started on port(s): 8080 (http)
2017-01-20 06:32:44 [main] [] INFO  hello.Application - Started Application in 14.568 seconds (JVM running for 16.667)
2017-01-20 06:33:16 [http-nio-8080-exec-1] [] INFO  o.a.c.c.C.[Tomcat].[localhost].[/] - Initializing Spring FrameworkServlet 'dispatcherServlet'
2017-01-20 06:33:16 [http-nio-8080-exec-1] [] INFO  o.s.web.servlet.DispatcherServlet - FrameworkServlet 'dispatcherServlet': initialization started
2017-01-20 06:33:17 [http-nio-8080-exec-1] [] INFO  o.s.web.servlet.DispatcherServlet - FrameworkServlet 'dispatcherServlet': initialization completed in 54 ms
2017-01-20 06:33:17 [http-nio-8080-exec-1] [06768aac-4367-4d7d-84a9-0e078db3f8e0] INFO  hello.filter.RequestIdFilter - Recieved Request GET: /user/login/anitha
2017-01-20 06:33:17 [http-nio-8080-exec-1] [06768aac-4367-4d7d-84a9-0e078db3f8e0] INFO  hello.resource.UserResource - Login Request. uId:anitha
2017-01-20 06:33:17 [http-nio-8080-exec-1] [06768aac-4367-4d7d-84a9-0e078db3f8e0] INFO  hello.filter.RequestIdFilter - Completed Request GET: /user/login/anitha
2017-01-20 06:33:30 [http-nio-8080-exec-2] [810d67f5-19d8-4646-b16a-96ba1f897384] INFO  hello.filter.RequestIdFilter - Recieved Request POST: /user/chgpwd
2017-01-20 06:33:30 [http-nio-8080-exec-2] [810d67f5-19d8-4646-b16a-96ba1f897384] INFO  hello.resource.UserResource - Change Password Request. uId:maha
2017-01-20 06:33:30 [http-nio-8080-exec-2] [810d67f5-19d8-4646-b16a-96ba1f897384] INFO  hello.filter.RequestIdFilter - Completed Request POST: /user/chgpwd
